-------------------------------------------------------------------------------
Test set: DAO.CursoDAOTest
-------------------------------------------------------------------------------
Tests run: 5, Failures: 4, Errors: 0, Skipped: 0, Time elapsed: 5.608 sec <<< FAILURE!
DAO.CursoDAOTest.testAgregar()  Time elapsed: 4.857 sec  <<< FAILURE!
java.lang.IllegalArgumentException: Object: null is not a known Entity type.
	at org.eclipse.persistence.internal.jpa.EntityManagerImpl.persist(EntityManagerImpl.java:598)
	at DAO.CursoDAO.agregar(CursoDAO.java:25)
	at DAO.CursoDAOTest.testAgregar(CursoDAOTest.java:67)

DAO.CursoDAOTest.testEliminar()  Time elapsed: 0.004 sec  <<< FAILURE!
java.lang.IllegalArgumentException: An instance of a null PK has been incorrectly provided for this find operation.
	at org.eclipse.persistence.internal.jpa.EntityManagerImpl.findInternal(EntityManagerImpl.java:886)
	at org.eclipse.persistence.internal.jpa.EntityManagerImpl.find(EntityManagerImpl.java:830)
	at org.eclipse.persistence.internal.jpa.EntityManagerImpl.find(EntityManagerImpl.java:696)
	at DAO.CursoDAO.eliminar(CursoDAO.java:33)
	at DAO.CursoDAOTest.testEliminar(CursoDAOTest.java:80)

DAO.CursoDAOTest.testBuscarTodas()  Time elapsed: 0.739 sec  <<< FAILURE!
org.opentest4j.AssertionFailedError: expected: <null> but was: <[Curso{id=1, nombre=Cinematica, maestro=Maestro{id=2, nombre=arturo, contraseña=MavI8B8St0ho1IKm9K/df52T4o9+Na8FRKehn436PfnuluYSs26iXTzhCeS1enaP, correo=jamv1305@gmail.com}, unidades=0}, Curso{id=2, nombre=Empotrados, maestro=Maestro{id=1, nombre=pepe, contraseña=CpievEp3tWpuK7exnZldGFzkQJDBPimEt+zG1EbUth6pmRt2pMLwSxtNJEhBRJRU, correo=pepe@gmail.com}, unidades=2}, Curso{id=3, nombre=Ciencias, maestro=Maestro{id=1, nombre=pepe, contraseña=CpievEp3tWpuK7exnZldGFzkQJDBPimEt+zG1EbUth6pmRt2pMLwSxtNJEhBRJRU, correo=pepe@gmail.com}, unidades=2}]>
	at org.junit.jupiter.api.AssertionUtils.fail(AssertionUtils.java:55)
	at org.junit.jupiter.api.AssertionUtils.failNotEqual(AssertionUtils.java:62)
	at org.junit.jupiter.api.AssertEquals.assertEquals(AssertEquals.java:182)
	at org.junit.jupiter.api.AssertEquals.assertEquals(AssertEquals.java:177)
	at org.junit.jupiter.api.Assertions.assertEquals(Assertions.java:1124)
	at DAO.CursoDAOTest.testBuscarTodas(CursoDAOTest.java:122)

DAO.CursoDAOTest.testActualizar()  Time elapsed: 0.005 sec  <<< FAILURE!
java.lang.NullPointerException
	at DAO.CursoDAO.actualizar(CursoDAO.java:44)
	at DAO.CursoDAOTest.testActualizar(CursoDAOTest.java:93)

