<?xml version="1.0" encoding="UTF-8" ?>
<testsuite tests="5" failures="4" name="DAO.CursoDAOTest" time="5.606" errors="0" skipped="0">
  <properties>
[...]
</properties>
  <testcase classname="DAO.CursoDAOTest" name="DAO.CursoDAOTest.testAgregar" time="4.857">
    <failure message="Object: null is not a known Entity type." type="java.lang.IllegalArgumentException">java.lang.IllegalArgumentException: Object: null is not a known Entity type.
	at org.eclipse.persistence.internal.jpa.EntityManagerImpl.persist(EntityManagerImpl.java:598)
	at DAO.CursoDAO.agregar(CursoDAO.java:25)
	at DAO.CursoDAOTest.testAgregar(CursoDAOTest.java:67)
</failure>
    <system-out>agregar
[EL Info]: 2021-11-18 14:23:47.933--ServerSession(1137078855)--EclipseLink, version: Eclipse Persistence Services - 2.7.7.v20200504-69f2c2b80d
</system-out>
  </testcase>
  <testcase classname="DAO.CursoDAOTest" name="DAO.CursoDAOTest.testEliminar" time="0.004">
    <failure message="An instance of a null PK has been incorrectly provided for this find operation." type="java.lang.IllegalArgumentException">java.lang.IllegalArgumentException: An instance of a null PK has been incorrectly provided for this find operation.
	at org.eclipse.persistence.internal.jpa.EntityManagerImpl.findInternal(EntityManagerImpl.java:886)
	at org.eclipse.persistence.internal.jpa.EntityManagerImpl.find(EntityManagerImpl.java:830)
	at org.eclipse.persistence.internal.jpa.EntityManagerImpl.find(EntityManagerImpl.java:696)
	at DAO.CursoDAO.eliminar(CursoDAO.java:33)
	at DAO.CursoDAOTest.testEliminar(CursoDAOTest.java:80)
</failure>
    <system-out>eliminar
</system-out>
  </testcase>
  <testcase classname="DAO.CursoDAOTest" name="DAO.CursoDAOTest.testBuscarPorId" time="0.001"/>
  <testcase classname="DAO.CursoDAOTest" name="DAO.CursoDAOTest.testBuscarTodas" time="0.739">
    <failure message="expected: &lt;null&gt; but was: &lt;[Curso{id=1, nombre=Cinematica, maestro=Maestro{id=2, nombre=arturo, contraseña=MavI8B8St0ho1IKm9K/df52T4o9+Na8FRKehn436PfnuluYSs26iXTzhCeS1enaP, correo=jamv1305@gmail.com}, unidades=0}, Curso{id=2, nombre=Empotrados, maestro=Maestro{id=1, nombre=pepe, contraseña=CpievEp3tWpuK7exnZldGFzkQJDBPimEt+zG1EbUth6pmRt2pMLwSxtNJEhBRJRU, correo=pepe@gmail.com}, unidades=2}, Curso{id=3, nombre=Ciencias, maestro=Maestro{id=1, nombre=pepe, contraseña=CpievEp3tWpuK7exnZldGFzkQJDBPimEt+zG1EbUth6pmRt2pMLwSxtNJEhBRJRU, correo=pepe@gmail.com}, unidades=2}]&gt;" type="org.opentest4j.AssertionFailedError">org.opentest4j.AssertionFailedError: expected: &lt;null&gt; but was: &lt;[Curso{id=1, nombre=Cinematica, maestro=Maestro{id=2, nombre=arturo, contraseña=MavI8B8St0ho1IKm9K/df52T4o9+Na8FRKehn436PfnuluYSs26iXTzhCeS1enaP, correo=jamv1305@gmail.com}, unidades=0}, Curso{id=2, nombre=Empotrados, maestro=Maestro{id=1, nombre=pepe, contraseña=CpievEp3tWpuK7exnZldGFzkQJDBPimEt+zG1EbUth6pmRt2pMLwSxtNJEhBRJRU, correo=pepe@gmail.com}, unidades=2}, Curso{id=3, nombre=Ciencias, maestro=Maestro{id=1, nombre=pepe, contraseña=CpievEp3tWpuK7exnZldGFzkQJDBPimEt+zG1EbUth6pmRt2pMLwSxtNJEhBRJRU, correo=pepe@gmail.com}, unidades=2}]&gt;
	at org.junit.jupiter.api.AssertionUtils.fail(AssertionUtils.java:55)
	at org.junit.jupiter.api.AssertionUtils.failNotEqual(AssertionUtils.java:62)
	at org.junit.jupiter.api.AssertEquals.assertEquals(AssertEquals.java:182)
	at org.junit.jupiter.api.AssertEquals.assertEquals(AssertEquals.java:177)
	at org.junit.jupiter.api.Assertions.assertEquals(Assertions.java:1124)
	at DAO.CursoDAOTest.testBuscarTodas(CursoDAOTest.java:122)
</failure>
    <system-out>buscarTodas
</system-out>
  </testcase>
  <testcase classname="DAO.CursoDAOTest" name="DAO.CursoDAOTest.testActualizar" time="0.005">
    <failure type="java.lang.NullPointerException">java.lang.NullPointerException
	at DAO.CursoDAO.actualizar(CursoDAO.java:44)
	at DAO.CursoDAOTest.testActualizar(CursoDAOTest.java:93)
</failure>
    <system-out>actualizar
</system-out>
  </testcase>
</testsuite>